C:\Users\bobnu\angular-apps\png-bxsc\dist\out-tsc\src\app\app-routing.module.js
C:\Users\bobnu\angular-apps\png-bxsc\dist\out-tsc\src\app\app-routing.module.js.map
C:\Users\bobnu\angular-apps\png-bxsc\dist\out-tsc\src\app\Models\hit-player.js
C:\Users\bobnu\angular-apps\png-bxsc\dist\out-tsc\src\app\Models\hit-player.js.map
C:\Users\bobnu\angular-apps\png-bxsc\dist\out-tsc\src\app\Models\hit-data.js
C:\Users\bobnu\angular-apps\png-bxsc\dist\out-tsc\src\app\Models\hit-data.js.map
C:\Users\bobnu\angular-apps\png-bxsc\dist\out-tsc\src\app\hitters-data.service.js
C:\Users\bobnu\angular-apps\png-bxsc\dist\out-tsc\src\app\hitters-data.service.js.map
C:\Users\bobnu\angular-apps\png-bxsc\dist\out-tsc\src\app\app.component.js
C:\Users\bobnu\angular-apps\png-bxsc\dist\out-tsc\src\app\app.component.js.map
C:\Users\bobnu\angular-apps\png-bxsc\dist\out-tsc\src\app\app.module.js
C:\Users\bobnu\angular-apps\png-bxsc\dist\out-tsc\src\app\app.module.js.map
C:\Users\bobnu\angular-apps\png-bxsc\dist\out-tsc\src\environments\environment.js
C:\Users\bobnu\angular-apps\png-bxsc\dist\out-tsc\src\environments\environment.js.map
C:\Users\bobnu\angular-apps\png-bxsc\dist\out-tsc\src\main.js
C:\Users\bobnu\angular-apps\png-bxsc\dist\out-tsc\src\main.js.map
C:\Users\bobnu\angular-apps\png-bxsc\dist\out-tsc\src\polyfills.js
C:\Users\bobnu\angular-apps\png-bxsc\dist\out-tsc\src\polyfills.js.map
C:\Users\bobnu\angular-apps\png-bxsc\dist\out-tsc\src\test.js
C:\Users\bobnu\angular-apps\png-bxsc\dist\out-tsc\src\test.js.map
C:\Users\bobnu\angular-apps\png-bxsc\dist\out-tsc\e2e\src\app.po.js
C:\Users\bobnu\angular-apps\png-bxsc\dist\out-tsc\e2e\src\app.po.js.map
C:\Users\bobnu\angular-apps\png-bxsc\dist\out-tsc\e2e\src\app.e2e-spec.js
C:\Users\bobnu\angular-apps\png-bxsc\dist\out-tsc\e2e\src\app.e2e-spec.js.map
C:\Users\bobnu\angular-apps\png-bxsc\dist\out-tsc\src\app\app.component.spec.js
C:\Users\bobnu\angular-apps\png-bxsc\dist\out-tsc\src\app\app.component.spec.js.map
C:\Users\bobnu\angular-apps\png-bxsc\dist\out-tsc\src\app\hitters-data.service.spec.js
C:\Users\bobnu\angular-apps\png-bxsc\dist\out-tsc\src\app\hitters-data.service.spec.js.map
C:\Users\bobnu\angular-apps\png-bxsc\dist\out-tsc\src\environments\environment.prod.js
C:\Users\bobnu\angular-apps\png-bxsc\dist\out-tsc\src\environments\environment.prod.js.map
C:\Users\bobnu\angular-apps\png-bxsc\dist\out-tsc\src\app\Models\mgr-player.js
C:\Users\bobnu\angular-apps\png-bxsc\dist\out-tsc\src\app\Models\mgr-player.js.map
C:\Users\bobnu\angular-apps\png-bxsc\dist\out-tsc\src\app\Models\pit-player.js
C:\Users\bobnu\angular-apps\png-bxsc\dist\out-tsc\src\app\Models\pit-player.js.map
C:\Users\bobnu\angular-apps\png-bxsc\dist\out-tsc\src\app\stats\stats.module.js
C:\Users\bobnu\angular-apps\png-bxsc\dist\out-tsc\src\app\stats\stats.module.js.map
